<?xml version="1.0" encoding="UTF-8"?><testrun duration="471465" footerText="Generated by PyCharm on 2/26/20, 3:18 PM" name="pytest for test__after_the_rain.test__after_the_rain__examples">
    <count name="total" value="8"/>
    <count name="failed" value="1"/>
    <count name="passed" value="7"/>
    <config nameIsGenerated="true" configId="tests" name="pytest for test__after_the_rain.test__after_the_rain__examples">
        <module name="algorithms"/>
        <option name="INTERPRETER_OPTIONS" value=""/>
        <option name="PARENT_ENVS" value="true"/>
        <option name="SDK_HOME" value=""/>
        <option name="WORKING_DIRECTORY" value="/home/deimos/programacion/github/algorithms/tests"/>
        <option name="IS_MODULE_SDK" value="true"/>
        <option name="ADD_CONTENT_ROOTS" value="true"/>
        <option name="ADD_SOURCE_ROOTS" value="true"/>
        <option name="_new_keywords" value="&quot;&quot;"/>
        <option name="_new_additionalArguments" value="&quot;&quot;"/>
        <option name="_new_target" value="&quot;test__after_the_rain.test__after_the_rain__examples&quot;"/>
        <option name="_new_targetType" value="&quot;PYTHON&quot;"/>
    </config>
    <suite duration="471465" locationUrl="python&lt;/home/deimos/programacion/github/algorithms/tests&gt;://tests" name="tests" status="failed">
        <suite duration="471465" locationUrl="python&lt;/home/deimos/programacion/github/algorithms/tests&gt;://tests.test__after_the_rain" name="test__after_the_rain" status="failed">
            <suite duration="471465" locationUrl="python&lt;/home/deimos/programacion/github/algorithms/tests&gt;://tests.test__after_the_rain.test__after_the_rain__examples" name="test__after_the_rain__examples" status="failed">
                <test duration="121093" locationUrl="python&lt;/home/deimos/programacion/github/algorithms/tests&gt;://tests.test__after_the_rain.test__after_the_rain__examples." name="(case0)" metainfo="test__after_the_rain__examples[case0]" status="passed">
                    <output type="stdout">PASSED    [ 12%]
</output>
                </test>
                <test duration="31727" locationUrl="python&lt;/home/deimos/programacion/github/algorithms/tests&gt;://tests.test__after_the_rain.test__after_the_rain__examples." name="(case1)" metainfo="test__after_the_rain__examples[case1]" status="passed">
                    <output type="stdout">PASSED    [ 25%]
</output>
                </test>
                <test duration="19311" locationUrl="python&lt;/home/deimos/programacion/github/algorithms/tests&gt;://tests.test__after_the_rain.test__after_the_rain__examples." name="(case2)" metainfo="test__after_the_rain__examples[case2]" status="passed">
                    <output type="stdout">PASSED    [ 37%]
</output>
                </test>
                <test duration="11820" locationUrl="python&lt;/home/deimos/programacion/github/algorithms/tests&gt;://tests.test__after_the_rain.test__after_the_rain__examples." name="(case3)" metainfo="test__after_the_rain__examples[case3]" status="passed">
                    <output type="stdout">PASSED    [ 50%]
</output>
                </test>
                <test duration="13274" locationUrl="python&lt;/home/deimos/programacion/github/algorithms/tests&gt;://tests.test__after_the_rain.test__after_the_rain__examples." name="(case4)" metainfo="test__after_the_rain__examples[case4]" status="passed">
                    <output type="stdout">PASSED    [ 62%]
</output>
                </test>
                <test duration="225368" locationUrl="python&lt;/home/deimos/programacion/github/algorithms/tests&gt;://tests.test__after_the_rain.test__after_the_rain__examples." name="(case5)" metainfo="test__after_the_rain__examples[case5]" status="passed">
                    <output type="stdout">PASSED    [ 75%]
</output>
                </test>
                <test duration="3026" locationUrl="python&lt;/home/deimos/programacion/github/algorithms/tests&gt;://tests.test__after_the_rain.test__after_the_rain__examples." name="(case6)" metainfo="test__after_the_rain__examples[case6]" status="passed">
                    <output type="stdout">PASSED    [ 87%]
</output>
                </test>
                <test duration="45846" locationUrl="python&lt;/home/deimos/programacion/github/algorithms/tests&gt;://tests.test__after_the_rain.test__after_the_rain__examples." name="(case7)" metainfo="test__after_the_rain__examples[case7]" status="failed">
                    <output type="stdout">FAILED    [100%]
</output>
                    <output type="stderr">tests/test__after_the_rain.py:64 (test__after_the_rain__examples[case7])
6 != 1
</output>
                    <output type="stdout">Expected :
</output>
                    <output type="stderr">1
</output>
                    <output type="stdout">Actual   :
</output>
                    <diff actual="6" expected="1"/>
                    <output type="stderr">6
case = {&amp;#39;answer&amp;#39;: 6, &amp;#39;heights&amp;#39;: [6, 0, 5, 4, 5]}
    def test__after_the_rain__examples(case):
        heights = case[&amp;quot;heights&amp;quot;]
        answer = case[&amp;quot;answer&amp;quot;]
    
        result = after_the_rain(heights)
&amp;gt;       assert answer == result
E       assert 6 == 1
test__after_the_rain.py:70: AssertionError
</output>
                </test>
            </suite>
        </suite>
    </suite>
</testrun>
